<?xml version="1.0" encoding="UTF-8"?>
<!-- Generated by org.testng.reporters.JUnitXMLReporter -->
<testsuite ignored="0" hostname="DESKTOP-3JG0K1M" failures="0" tests="4" name="Default test" time="7.346" errors="0" timestamp="2023-07-31T14:04:02 BST">
  <testcase classname="chaining.GoRest4" name="createUser" time="4.236"/>
  <testcase classname="chaining.GoRest4" name="getUser" time="1.028"/>
  <testcase classname="chaining.GoRest4" name="updateUser" time="0.635"/>
  <testcase classname="chaining.GoRest4" name="deleteUser" time="1.408"/>
</testsuite> <!-- Default test -->
