<?xml version="1.0" encoding="UTF-8"?>
<!-- Generated by org.testng.reporters.JUnitXMLReporter -->
<testsuite ignored="0" hostname="DESKTOP-3JG0K1M" failures="0" tests="4" name="GoRestAPITesting" time="6.862" errors="0" timestamp="2023-07-28T13:01:05 BST">
  <testcase classname="chaining.GoRest" name="createUser" time="4.044"/>
  <testcase classname="chaining.GoRest" name="getUser" time="0.934"/>
  <testcase classname="chaining.GoRest" name="updateUser" time="0.921"/>
  <testcase classname="chaining.GoRest" name="deleteUser" time="0.893"/>
</testsuite> <!-- GoRestAPITesting -->
