<?xml version="1.0" encoding="UTF-8"?>
<testng-results ignored="0" total="1" passed="1" failed="0" skipped="0">
  <reporter-output>
  </reporter-output>
  <suite started-at="2023-07-10T14:44:28 BST" name="Default suite" finished-at="2023-07-10T14:44:28 BST" duration-ms="227">
    <groups>
    </groups>
    <test started-at="2023-07-10T14:44:28 BST" name="Default test" finished-at="2023-07-10T14:44:28 BST" duration-ms="227">
      <class name="resBody.ResponseBodyEx1">
        <test-method signature="validateBody()[pri:0, instance:resBody.ResponseBodyEx1@7e7be63f]" started-at="2023-07-10T14:44:28 BST" name="validateBody" finished-at="2023-07-10T14:44:28 BST" duration-ms="55" status="PASS">
          <reporter-output>
          </reporter-output>
        </test-method> <!-- validateBody -->
      </class> <!-- resBody.ResponseBodyEx1 -->
    </test> <!-- Default test -->
  </suite> <!-- Default suite -->
</testng-results>
