<?xml version="1.0" encoding="UTF-8"?>
<!-- Generated by org.testng.reporters.JUnitXMLReporter -->
<testsuite ignored="0" hostname="DESKTOP-3JG0K1M" failures="0" tests="4" name="GoRestAPITestingWithDate" time="6.387" errors="0" timestamp="2023-07-31T17:26:30 BST">
  <testcase classname="chaining.GoRest4" name="createUser" time="3.748"/>
  <testcase classname="chaining.GoRest4" name="getUser" time="0.887"/>
  <testcase classname="chaining.GoRest4" name="updateUser" time="0.877"/>
  <testcase classname="chaining.GoRest4" name="deleteUser" time="0.834"/>
</testsuite> <!-- GoRestAPITestingWithDate -->
