<?xml version="1.0" encoding="UTF-8"?>
<!-- Generated by org.testng.reporters.JUnitXMLReporter -->
<testsuite ignored="0" hostname="DESKTOP-3JG0K1M" failures="4" tests="4" name="goRest API Testing" time="8.456" errors="0" timestamp="2023-07-28T12:17:04 BST">
  <testcase classname="chaining.GoRest3" name="createUser" time="4.498">
    <failure type="java.lang.NullPointerException" message="Cannot invoke &amp;quot;com.aventstack.extentreports.ExtentReports.createTest(String)&amp;quot; because &amp;quot;chaining.GoRest3.report&amp;quot; is null">
      <![CDATA[java.lang.NullPointerException: Cannot invoke "com.aventstack.extentreports.ExtentReports.createTest(String)" because "chaining.GoRest3.report" is null
at chaining.GoRest3.createUser(GoRest3.java:77)
at java.base/java.util.ArrayList.forEach(ArrayList.java:1511)
... Removed 27 stack frames]]>
    </failure>
  </testcase> <!-- createUser -->
  <testcase classname="chaining.GoRest3" name="getUser" time="1.236">
    <failure type="java.lang.NullPointerException" message="Cannot invoke &amp;quot;com.aventstack.extentreports.ExtentReports.createTest(String)&amp;quot; because &amp;quot;chaining.GoRest3.report&amp;quot; is null">
      <![CDATA[java.lang.NullPointerException: Cannot invoke "com.aventstack.extentreports.ExtentReports.createTest(String)" because "chaining.GoRest3.report" is null
at chaining.GoRest3.getUser(GoRest3.java:103)
at java.base/java.util.ArrayList.forEach(ArrayList.java:1511)
... Removed 27 stack frames]]>
    </failure>
  </testcase> <!-- getUser -->
  <testcase classname="chaining.GoRest3" name="updateUser" time="1.123">
    <failure type="java.lang.NullPointerException" message="Cannot invoke &amp;quot;com.aventstack.extentreports.ExtentReports.createTest(String)&amp;quot; because &amp;quot;chaining.GoRest3.report&amp;quot; is null">
      <![CDATA[java.lang.NullPointerException: Cannot invoke "com.aventstack.extentreports.ExtentReports.createTest(String)" because "chaining.GoRest3.report" is null
at chaining.GoRest3.updateUser(GoRest3.java:137)
at java.base/java.util.ArrayList.forEach(ArrayList.java:1511)
... Removed 27 stack frames]]>
    </failure>
  </testcase> <!-- updateUser -->
  <testcase classname="chaining.GoRest3" name="deleteUser" time="1.529">
    <failure type="java.lang.NullPointerException" message="Cannot invoke &amp;quot;com.aventstack.extentreports.ExtentReports.createTest(String)&amp;quot; because &amp;quot;chaining.GoRest3.report&amp;quot; is null">
      <![CDATA[java.lang.NullPointerException: Cannot invoke "com.aventstack.extentreports.ExtentReports.createTest(String)" because "chaining.GoRest3.report" is null
at chaining.GoRest3.deleteUser(GoRest3.java:165)
at java.base/java.util.ArrayList.forEach(ArrayList.java:1511)
... Removed 27 stack frames]]>
    </failure>
  </testcase> <!-- deleteUser -->
</testsuite> <!-- goRest API Testing -->
